<?xml version="1.0" encoding="UTF-8"?>
<testsuite xmlns:xsi="http://www.w3.org/2001/XMLSchema-instance" xsi:noNamespaceSchemaLocation="https://maven.apache.org/surefire/maven-surefire-plugin/xsd/surefire-test-report.xsd" name="TestSuite" time="3.132" tests="3" errors="0" skipped="0" failures="0">
  <properties>
[...]
</properties>
  <testcase name="loginTest" classname="testcase.LoginTest" time="0.119"/>
  <testcase name="registerTest" classname="testcase.RegisterTest" time="0.001"/>
  <testcase name="test" classname="testcase.TestDome" time="0.002"/>
</testsuite>